<?xml version="1.0" encoding="UTF-8"?>
<!-- Generated by org.testng.reporters.JUnitXMLReporter -->
<testsuite hostname="INBLRNB0299" ignored="0" name="testcase2" tests="1" failures="1" timestamp="02 Apr 2019 13:48:48 GMT" time="12.794" errors="0">
  <testcase name="LoginPageTooltip" time="0.085" classname="testngexamples.VerifyTooltip">
    <failure type="java.lang.AssertionError" message="expected [Login/Password - username/password] but found []">
      <![CDATA[java.lang.AssertionError: expected [Login/Password - username/password] but found []
at testngexamples.VerifyTooltip.LoginPageTooltip(VerifyTooltip.java:33)
... Removed 31 stack frames]]>
    </failure>
  </testcase> <!-- LoginPageTooltip -->
</testsuite> <!-- testcase2 -->
