<?xml version="1.0" encoding="UTF-8"?>
<!-- Generated by org.testng.reporters.JUnitXMLReporter -->
<testsuite hostname="INBLRNB0299" ignored="0" name="testcase3" tests="3" failures="1" timestamp="20 Nov 2019 08:12:22 GMT" time="0.014" errors="0">
  <testcase name="f" time="0.001" classname="testngsnippet.TestNgPara"/>
  <testcase name="f" time="0.0" classname="testngsnippet.TestNgPara">
    <failure type="org.testng.TestNGException" message="
Some DataProvider public java.lang.String[][] testngsnippet.TestNgPara.data(java.lang.String) parameters unresolved:  at 0 type class java.lang.String
">
      <![CDATA[org.testng.TestNGException: 
Some DataProvider public java.lang.String[][] testngsnippet.TestNgPara.data(java.lang.String) parameters unresolved:  at 0 type class java.lang.String

... Removed 23 stack frames]]>
    </failure>
  </testcase> <!-- f -->
  <testcase name="f8" time="0.001" classname="testngsnippet.TestNgTestCase2"/>
</testsuite> <!-- testcase3 -->
