<?xml version="1.0" encoding="UTF-8"?>
<!-- Generated by org.testng.reporters.JUnitXMLReporter -->
<testsuite hostname="INBLRNB0299" ignored="0" name="testcase3" tests="4" failures="0" timestamp="23 Nov 2019 13:02:57 GMT" time="0.026" errors="0">
  <testcase name="f" time="0.002" classname="testngsnippet.TestNgPara"/>
  <testcase name="f" time="0.001" classname="testngsnippet.TestNgPara"/>
  <testcase name="f" time="0.001" classname="testngsnippet.TestNgPara"/>
  <testcase name="f8" time="0.001" classname="testngsnippet.TestNgTestCase2"/>
</testsuite> <!-- testcase3 -->
