<?xml version="1.0" encoding="UTF-8"?>
<!-- Generated by org.testng.reporters.JUnitXMLReporter -->
<testsuite hostname="INBLRNB0299" ignored="0" name="Default test" tests="2" failures="0" timestamp="31 Mar 2019 10:14:01 GMT" time="34.004" errors="0">
  <testcase name="verifyInvestmentAccountsLinks" time="2.052" classname="testngexamples.AccountSummaryLinkVerification"/>
  <testcase name="verifyCreditAccountsLinks" time="1.017" classname="testngexamples.AccountSummaryLinkVerification"/>
</testsuite> <!-- Default test -->
