<?xml version="1.0" encoding="UTF-8"?>
<!-- Generated by org.testng.reporters.JUnitXMLReporter -->
<testsuite hostname="INBLRNB0299" ignored="1" name="Default test" tests="6" failures="1" timestamp="01 Dec 2019 13:53:53 GMT" time="1.121" errors="0">
  <testcase name="test01" time="0.005" classname="testng_snippets.TestCase1"/>
  <testcase name="test02" time="0.002" classname="testng_snippets.TestCase1"/>
  <testcase name="test03" time="0.001" classname="testng_snippets.TestCase1"/>
  <testcase name="test04" time="0.001" classname="testng_snippets.TestCase1"/>
  <testcase name="test06" time="0.002" classname="testng_snippets.TestCase1"/>
  <testcase name="test07" time="1.012" classname="testng_snippets.TestCase1">
    <failure type="org.testng.internal.thread.ThreadTimeoutException" message="Method testng_snippets.TestCase1.test07() didn&amp;apos;t finish within the time-out 1000">
      <![CDATA[org.testng.internal.thread.ThreadTimeoutException: Method testng_snippets.TestCase1.test07() didn't finish within the time-out 1000
]]>
    </failure>
  </testcase> <!-- test07 -->
  <testcase name="test05" time="0.0" classname="testng_snippets.TestCase1">
    <ignored/>
  </testcase> <!-- test05 -->
</testsuite> <!-- Default test -->
