<?xml version="1.0" encoding="UTF-8"?>
<testng-results skipped="0" failed="0" ignored="0" total="2" passed="2">
  <reporter-output>
  </reporter-output>
  <suite name="Default suite" duration-ms="32" started-at="2019-04-02T18:37:11Z" finished-at="2019-04-02T18:37:11Z">
    <groups>
    </groups>
    <test name="Default test" duration-ms="32" started-at="2019-04-02T18:37:11Z" finished-at="2019-04-02T18:37:11Z">
      <class name="testngsnippet.TestNgDataProvider">
        <test-method status="PASS" signature="f(java.lang.String, java.lang.String)[pri:0, instance:testngsnippet.TestNgDataProvider@9629756]" name="f" duration-ms="7" started-at="2019-04-02T18:37:11Z" data-provider="dp" finished-at="2019-04-02T18:37:11Z">
          <params>
            <param index="0">
              <value>
                <![CDATA[Test0109]]>
              </value>
            </param>
            <param index="1">
              <value>
                <![CDATA[PW0109]]>
              </value>
            </param>
          </params>
          <reporter-output>
          </reporter-output>
        </test-method> <!-- f -->
        <test-method status="PASS" signature="f(java.lang.String, java.lang.String)[pri:0, instance:testngsnippet.TestNgDataProvider@9629756]" name="f" duration-ms="1" started-at="2019-04-02T18:37:11Z" data-provider="dp" finished-at="2019-04-02T18:37:11Z">
          <params>
            <param index="0">
              <value>
                <![CDATA[Test0210]]>
              </value>
            </param>
            <param index="1">
              <value>
                <![CDATA[PW0210]]>
              </value>
            </param>
          </params>
          <reporter-output>
          </reporter-output>
        </test-method> <!-- f -->
      </class> <!-- testngsnippet.TestNgDataProvider -->
    </test> <!-- Default test -->
  </suite> <!-- Default suite -->
</testng-results>
