<?xml version="1.0" encoding="UTF-8"?>
<testng-results skipped="0" failed="1" ignored="0" total="5" passed="4">
  <reporter-output>
  </reporter-output>
  <suite name="Suite1" duration-ms="51837" started-at="2019-04-02T13:47:41Z" finished-at="2019-04-02T13:48:33Z">
    <groups>
    </groups>
    <test name="testcase1" duration-ms="23978" started-at="2019-04-02T13:47:41Z" finished-at="2019-04-02T13:48:05Z">
      <class name="testngexamples.AccountSummaryLinkVerification">
        <test-method status="PASS" signature="beforeTest()[pri:0, instance:testngexamples.AccountSummaryLinkVerification@724af044]" name="beforeTest" is-config="true" duration-ms="16463" started-at="2019-04-02T13:47:41Z" finished-at="2019-04-02T13:47:58Z">
          <reporter-output>
          </reporter-output>
        </test-method> <!-- beforeTest -->
        <test-method status="PASS" signature="beforeMethod()[pri:0, instance:testngexamples.AccountSummaryLinkVerification@724af044]" name="beforeMethod" is-config="true" duration-ms="1" started-at="2019-04-02T13:47:58Z" finished-at="2019-04-02T13:47:58Z">
          <reporter-output>
          </reporter-output>
        </test-method> <!-- beforeMethod -->
        <test-method status="PASS" signature="verifyInvestmentAccountsLinks()[pri:1, instance:testngexamples.AccountSummaryLinkVerification@724af044]" name="verifyInvestmentAccountsLinks" duration-ms="2055" started-at="2019-04-02T13:47:58Z" finished-at="2019-04-02T13:48:00Z">
          <reporter-output>
          </reporter-output>
        </test-method> <!-- verifyInvestmentAccountsLinks -->
        <test-method status="PASS" signature="afterMethod()[pri:0, instance:testngexamples.AccountSummaryLinkVerification@724af044]" name="afterMethod" is-config="true" duration-ms="423" started-at="2019-04-02T13:48:00Z" finished-at="2019-04-02T13:48:00Z">
          <reporter-output>
          </reporter-output>
        </test-method> <!-- afterMethod -->
        <test-method status="PASS" signature="verifyCreditAccountsLinks(java.lang.String)[pri:2, instance:testngexamples.AccountSummaryLinkVerification@724af044]" name="verifyCreditAccountsLinks" duration-ms="1169" started-at="2019-04-02T13:48:00Z" data-provider="Link" finished-at="2019-04-02T13:48:01Z">
          <params>
            <param index="0">
              <value>
                <![CDATA[Checking]]>
              </value>
            </param>
          </params>
          <reporter-output>
          </reporter-output>
        </test-method> <!-- verifyCreditAccountsLinks -->
        <test-method status="PASS" signature="beforeMethod()[pri:0, instance:testngexamples.AccountSummaryLinkVerification@724af044]" name="beforeMethod" is-config="true" duration-ms="0" started-at="2019-04-02T13:48:00Z" finished-at="2019-04-02T13:48:00Z">
          <reporter-output>
          </reporter-output>
        </test-method> <!-- beforeMethod -->
        <test-method status="PASS" signature="afterMethod()[pri:0, instance:testngexamples.AccountSummaryLinkVerification@724af044]" name="afterMethod" is-config="true" duration-ms="460" started-at="2019-04-02T13:48:01Z" finished-at="2019-04-02T13:48:02Z">
          <reporter-output>
          </reporter-output>
        </test-method> <!-- afterMethod -->
        <test-method status="PASS" signature="beforeMethod()[pri:0, instance:testngexamples.AccountSummaryLinkVerification@724af044]" name="beforeMethod" is-config="true" duration-ms="0" started-at="2019-04-02T13:48:02Z" finished-at="2019-04-02T13:48:02Z">
          <reporter-output>
          </reporter-output>
        </test-method> <!-- beforeMethod -->
        <test-method status="PASS" signature="verifyCreditAccountsLinks(java.lang.String)[pri:2, instance:testngexamples.AccountSummaryLinkVerification@724af044]" name="verifyCreditAccountsLinks" duration-ms="1276" started-at="2019-04-02T13:48:02Z" data-provider="Link" finished-at="2019-04-02T13:48:03Z">
          <params>
            <param index="0">
              <value>
                <![CDATA[Credit Card]]>
              </value>
            </param>
          </params>
          <reporter-output>
          </reporter-output>
        </test-method> <!-- verifyCreditAccountsLinks -->
        <test-method status="PASS" signature="afterMethod()[pri:0, instance:testngexamples.AccountSummaryLinkVerification@724af044]" name="afterMethod" is-config="true" duration-ms="617" started-at="2019-04-02T13:48:03Z" finished-at="2019-04-02T13:48:04Z">
          <reporter-output>
          </reporter-output>
        </test-method> <!-- afterMethod -->
        <test-method status="PASS" signature="verifyLoanAccountsLinks(java.lang.String)[pri:3, instance:testngexamples.AccountSummaryLinkVerification@724af044]" name="verifyLoanAccountsLinks" duration-ms="1091" started-at="2019-04-02T13:48:04Z" finished-at="2019-04-02T13:48:05Z">
          <params>
            <param index="0">
              <value>
                <![CDATA[Loan]]>
              </value>
            </param>
          </params>
          <reporter-output>
          </reporter-output>
        </test-method> <!-- verifyLoanAccountsLinks -->
        <test-method status="PASS" signature="beforeMethod()[pri:0, instance:testngexamples.AccountSummaryLinkVerification@724af044]" name="beforeMethod" is-config="true" duration-ms="0" started-at="2019-04-02T13:48:04Z" finished-at="2019-04-02T13:48:04Z">
          <reporter-output>
          </reporter-output>
        </test-method> <!-- beforeMethod -->
        <test-method status="PASS" signature="afterMethod()[pri:0, instance:testngexamples.AccountSummaryLinkVerification@724af044]" name="afterMethod" is-config="true" duration-ms="397" started-at="2019-04-02T13:48:05Z" finished-at="2019-04-02T13:48:05Z">
          <reporter-output>
          </reporter-output>
        </test-method> <!-- afterMethod -->
        <test-method status="PASS" signature="afterTest()[pri:0, instance:testngexamples.AccountSummaryLinkVerification@724af044]" name="afterTest" is-config="true" duration-ms="0" started-at="2019-04-02T13:48:05Z" finished-at="2019-04-02T13:48:05Z">
          <reporter-output>
          </reporter-output>
        </test-method> <!-- afterTest -->
      </class> <!-- testngexamples.AccountSummaryLinkVerification -->
    </test> <!-- testcase1 -->
    <test name="testcase2" duration-ms="12794" started-at="2019-04-02T13:48:20Z" finished-at="2019-04-02T13:48:33Z">
      <class name="testngexamples.VerifyTooltip">
        <test-method status="PASS" signature="beforeTest()[pri:0, instance:testngexamples.VerifyTooltip@1bce4f0a]" name="beforeTest" is-config="true" duration-ms="11923" started-at="2019-04-02T13:48:20Z" finished-at="2019-04-02T13:48:32Z">
          <reporter-output>
          </reporter-output>
        </test-method> <!-- beforeTest -->
        <test-method status="PASS" signature="beforeMethod()[pri:0, instance:testngexamples.VerifyTooltip@1bce4f0a]" name="beforeMethod" is-config="true" duration-ms="1" started-at="2019-04-02T13:48:32Z" finished-at="2019-04-02T13:48:32Z">
          <reporter-output>
          </reporter-output>
        </test-method> <!-- beforeMethod -->
        <test-method status="FAIL" signature="LoginPageTooltip()[pri:0, instance:testngexamples.VerifyTooltip@1bce4f0a]" name="LoginPageTooltip" duration-ms="85" started-at="2019-04-02T13:48:32Z" finished-at="2019-04-02T13:48:32Z">
          <exception class="java.lang.AssertionError">
            <message>
              <![CDATA[expected [Login/Password - username/password] but found []]]>
            </message>
            <full-stacktrace>
              <![CDATA[java.lang.AssertionError: expected [Login/Password - username/password] but found []
at org.testng.Assert.fail(Assert.java:96)
at org.testng.Assert.failNotEquals(Assert.java:776)
at org.testng.Assert.assertEqualsImpl(Assert.java:137)
at org.testng.Assert.assertEquals(Assert.java:118)
at org.testng.Assert.assertEquals(Assert.java:453)
at org.testng.Assert.assertEquals(Assert.java:463)
at testngexamples.VerifyTooltip.LoginPageTooltip(VerifyTooltip.java:33)
at sun.reflect.NativeMethodAccessorImpl.invoke0(Native Method)
at sun.reflect.NativeMethodAccessorImpl.invoke(Unknown Source)
at sun.reflect.DelegatingMethodAccessorImpl.invoke(Unknown Source)
at java.lang.reflect.Method.invoke(Unknown Source)
at org.testng.internal.MethodInvocationHelper.invokeMethod(MethodInvocationHelper.java:124)
at org.testng.internal.Invoker.invokeMethod(Invoker.java:580)
at org.testng.internal.Invoker.invokeTestMethod(Invoker.java:716)
at org.testng.internal.Invoker.invokeTestMethods(Invoker.java:988)
at org.testng.internal.TestMethodWorker.invokeTestMethods(TestMethodWorker.java:125)
at org.testng.internal.TestMethodWorker.run(TestMethodWorker.java:109)
at org.testng.TestRunner.privateRun(TestRunner.java:648)
at org.testng.TestRunner.run(TestRunner.java:505)
at org.testng.SuiteRunner.runTest(SuiteRunner.java:455)
at org.testng.SuiteRunner.runSequentially(SuiteRunner.java:450)
at org.testng.SuiteRunner.privateRun(SuiteRunner.java:415)
at org.testng.SuiteRunner.run(SuiteRunner.java:364)
at org.testng.SuiteRunnerWorker.runSuite(SuiteRunnerWorker.java:52)
at org.testng.SuiteRunnerWorker.run(SuiteRunnerWorker.java:84)
at org.testng.TestNG.runSuitesSequentially(TestNG.java:1208)
at org.testng.TestNG.runSuitesLocally(TestNG.java:1137)
at org.testng.TestNG.runSuites(TestNG.java:1049)
at org.testng.TestNG.run(TestNG.java:1017)
at org.testng.remote.AbstractRemoteTestNG.run(AbstractRemoteTestNG.java:114)
at org.testng.remote.RemoteTestNG.initAndRun(RemoteTestNG.java:251)
at org.testng.remote.RemoteTestNG.main(RemoteTestNG.java:77)
]]>
            </full-stacktrace>
          </exception> <!-- java.lang.AssertionError -->
          <reporter-output>
          </reporter-output>
        </test-method> <!-- LoginPageTooltip -->
        <test-method status="PASS" signature="afterTest()[pri:0, instance:testngexamples.VerifyTooltip@1bce4f0a]" name="afterTest" is-config="true" duration-ms="781" started-at="2019-04-02T13:48:32Z" finished-at="2019-04-02T13:48:33Z">
          <reporter-output>
          </reporter-output>
        </test-method> <!-- afterTest -->
        <test-method status="PASS" signature="afterMethod()[pri:0, instance:testngexamples.VerifyTooltip@1bce4f0a]" name="afterMethod" is-config="true" duration-ms="0" started-at="2019-04-02T13:48:32Z" finished-at="2019-04-02T13:48:32Z">
          <reporter-output>
          </reporter-output>
        </test-method> <!-- afterMethod -->
      </class> <!-- testngexamples.VerifyTooltip -->
    </test> <!-- testcase2 -->
  </suite> <!-- Suite1 -->
</testng-results>
